{"/Users/ericchavez/Engineering/Projects/InnerViewSWE/src/lib/questionUtils.ts": {"path":"/Users/ericchavez/Engineering/Projects/InnerViewSWE/src/lib/questionUtils.ts","statementMap":{"0":{"start":{"line":31,"column":25},"end":{"line":31,"column":81}},"1":{"start":{"line":34,"column":18},"end":{"line":34,"column":38}},"2":{"start":{"line":35,"column":23},"end":{"line":35,"column":88}},"3":{"start":{"line":35,"column":48},"end":{"line":35,"column":87}},"4":{"start":{"line":36,"column":2},"end":{"line":48,"column":4}},"5":{"start":{"line":44,"column":32},"end":{"line":44,"column":38}}},"fnMap":{"0":{"name":"mapToQuestion","decl":{"start":{"line":33,"column":16},"end":{"line":33,"column":29}},"loc":{"start":{"line":33,"column":58},"end":{"line":49,"column":1}},"line":33},"1":{"name":"(anonymous_1)","decl":{"start":{"line":35,"column":41},"end":{"line":35,"column":42}},"loc":{"start":{"line":35,"column":48},"end":{"line":35,"column":87}},"line":35},"2":{"name":"(anonymous_2)","decl":{"start":{"line":44,"column":25},"end":{"line":44,"column":26}},"loc":{"start":{"line":44,"column":32},"end":{"line":44,"column":38}},"line":44}},"branchMap":{"0":{"loc":{"start":{"line":46,"column":17},"end":{"line":46,"column":38}},"type":"binary-expr","locations":[{"start":{"line":46,"column":17},"end":{"line":46,"column":32}},{"start":{"line":46,"column":36},"end":{"line":46,"column":38}}],"line":46}},"s":{"0":1,"1":15,"2":15,"3":44,"4":15,"5":60},"f":{"0":15,"1":44,"2":60},"b":{"0":[15,1]},"_coverageSchema":"1a1c01bbd47fc00a2c39e90264f33305004495a9","hash":"129215f22bb24b25fc0eb91db5fa508f5475bde3"}
}
